> Task :app:preBuild UP-TO-DATE
> Task :app:preDebugBuild UP-TO-DATE
> Task :app:mergeDebugNativeDebugMetadata NO-SOURCE
> Task :app:checkKotlinGradlePluginConfigurationErrors SKIPPED
> Task :app:processDebugNavigationResources
> Task :app:checkDebugAarMetadata
> Task :app:generateDebugResValues
> Task :app:compileDebugNavigationResources
> Task :app:mapDebugSourceSetPaths
> Task :app:generateDebugResources
> Task :app:packageDebugResources
> Task :app:mergeDebugResources
> Task :app:createDebugCompatibleScreenManifests
> Task :app:extractDeepLinksDebug
> Task :app:parseDebugLocalResources
> Task :app:processDebugMainManifest
> Task :app:processDebugManifest
> Task :app:javaPreCompileDebug
> Task :app:mergeDebugShaders
> Task :app:compileDebugShaders NO-SOURCE
> Task :app:generateDebugAssets UP-TO-DATE
> Task :app:mergeDebugAssets
> Task :app:compressDebugAssets
> Task :app:desugarDebugFileDependencies
> Task :app:mergeDebugJniLibFolders
> Task :app:validateSigningDebug
> Task :app:writeDebugAppMetadata
> Task :app:checkDebugDuplicateClasses
> Task :app:mergeDebugNativeLibs
> Task :app:mergeLibDexDebug
> Task :app:writeDebugSigningConfigVersions
> Task :app:processDebugManifestForPackage

> Task :app:stripDebugDebugSymbols
Unable to strip the following libraries, packaging them as they are: libandroidx.graphics.path.so. Run with --info option to learn more.

> Task :app:processDebugResources
> Task :app:mergeExtDexDebug

> Task :app:compileDebugKotlin FAILED
.\gradlew.bat : e: fi
le:///C:/Documents/Se
ntiguard-1/app/src/ma
in/java/com/sentiguar
d/app/ui/screens/Dash
boardScreen.kt:63:26 
Unresolved reference 
'Restart'.
At line:1 char:63
+ ... Android 
Studio\jbr"; 
.\gradlew.bat 
assembleDebug > 
build_log.txt 2>&1
+                    
      ~~~~~~~~~~~~~~~
~~~~~~~~~~~~~~~~~~~~~
~~~~~~~~~~~~
    + CategoryInfo   
           : NotSpe  
  cified: (e: file   
 :///C:/D...ence     
'Restart'.:Strin    
g) [], RemoteExc    
eption
    + FullyQualified 
   ErrorId : Native  
  CommandError
 
e: file:///C:/Documen
ts/Sentiguard-1/app/s
rc/main/java/com/sent
iguard/app/ui/screens
/DashboardScreen.kt:8
6:35 Unresolved 
reference 'sp'.
e: file:///C:/Documen
ts/Sentiguard-1/app/s
rc/main/java/com/sent
iguard/app/ui/screens
/NailCheckScreen.kt:2
7:1 This annotation 
is not repeatable.
e: file:///C:/Documen
ts/Sentiguard-1/app/s
rc/main/java/com/sent
iguard/app/ui/screens
/NailCheckScreen.kt:5
9:22 Unresolved 
reference 'clip'.
e: file:///C:/Documen
ts/Sentiguard-1/app/s
rc/main/java/com/sent
iguard/app/ui/screens
/NailCheckScreen.kt:5
9:27 Unresolved 
reference 
'RoundedCornerShape'.
e: file:///C:/Documen
ts/Sentiguard-1/app/s
rc/main/java/com/sent
iguard/app/ui/screens
/NailCheckScreen.kt:6
0:70 Unresolved 
reference 
'RoundedCornerShape'.
e: file:///C:/Documen
ts/Sentiguard-1/app/s
rc/main/java/com/sent
iguard/app/ui/screens
/NailCheckScreen.kt:6
8:43 Unresolved 
reference 'Icons'.
e: file:///C:/Documen
ts/Sentiguard-1/app/s
rc/main/java/com/sent
iguard/app/ui/screens
/NailCheckScreen.kt:8
4:43 Unresolved 
reference 'Icons'.
e: file:///C:/Documen
ts/Sentiguard-1/app/s
rc/main/java/com/sent
iguard/app/ui/screens
/NailCheckScreen.kt:1
22:25 Unresolved 
reference 
'RoundedCornerShape'.

FAILURE: Build 
failed with an 
exception.

* What went wrong:
Execution failed for 
task ':app:compileDeb
ugKotlin'.
> A failure occurred 
while executing org.j
etbrains.kotlin.compi
lerRunner.GradleCompi
lerRunnerWithWorkers$
GradleKotlinCompilerW
orkAction
   > Compilation 
error. See log for 
more details

* Try:
> Run with 
--stacktrace option 
to get the stack 
trace.
> Run with --info or 
--debug option to 
get more log output.
> Run with --scan to 
get full insights.
> Get more help at ht
tps://help.gradle.org
.

BUILD FAILED in 11s
30 actionable tasks: 30 executed
